<?xml version="1.0" encoding="UTF-8"?>
<!-- Generated by org.testng.reporters.JUnitXMLReporter -->
<testsuite hostname="AUTOEVER-PC164" failures="0" tests="36" name="Default test" time="0.57" errors="0" timestamp="23 May 2023 10:19:40 GMT">
  <testcase classname="testcases.TC001_CreateAccount" name="@BeforeMethod beforeMethod" time="0.0">
    <failure type="org.testng.TestNGException" message="
Parameter &amp;apos;browser&amp;apos; is required by @Configuration on method beforeMethod but has not been marked @Optional or defined
in C:\Users\2004469\AppData\Local\Temp\testng-eclipse-1572149520\testng-customsuite.xml">
      <![CDATA[org.testng.TestNGException: 
Parameter 'browser' is required by @Configuration on method beforeMethod but has not been marked @Optional or defined
in C:\Users\2004469\AppData\Local\Temp\testng-eclipse-1572149520\testng-customsuite.xml
	at org.testng.internal.Parameters.createParameters(Parameters.java:155)
	at org.testng.internal.Parameters.createParameters(Parameters.java:355)
	at org.testng.internal.Parameters.createConfigurationParameters(Parameters.java:86)
	at org.testng.internal.Invoker.invokeConfigurations(Invoker.java:199)
	at org.testng.internal.Invoker.invokeMethod(Invoker.java:653)
	at org.testng.internal.Invoker.invokeTestMethod(Invoker.java:901)
	at org.testng.internal.Invoker.invokeTestMethods(Invoker.java:1231)
	at org.testng.internal.TestMethodWorker.invokeTestMethods(TestMethodWorker.java:127)
	at org.testng.internal.TestMethodWorker.run(TestMethodWorker.java:111)
	at org.testng.TestRunner.privateRun(TestRunner.java:767)
	at org.testng.TestRunner.run(TestRunner.java:617)
	at org.testng.SuiteRunner.runTest(SuiteRunner.java:334)
	at org.testng.SuiteRunner.runSequentially(SuiteRunner.java:329)
	at org.testng.SuiteRunner.privateRun(SuiteRunner.java:291)
	at org.testng.SuiteRunner.run(SuiteRunner.java:240)
	at org.testng.SuiteRunnerWorker.runSuite(SuiteRunnerWorker.java:52)
	at org.testng.SuiteRunnerWorker.run(SuiteRunnerWorker.java:86)
	at org.testng.TestNG.runSuitesSequentially(TestNG.java:1198)
	at org.testng.TestNG.runSuitesLocally(TestNG.java:1123)
	at org.testng.TestNG.run(TestNG.java:1031)
	at org.testng.remote.AbstractRemoteTestNG.run(AbstractRemoteTestNG.java:115)
	at org.testng.remote.RemoteTestNG.initAndRun(RemoteTestNG.java:251)
	at org.testng.remote.RemoteTestNG.main(RemoteTestNG.java:77)
]]>
    </failure>
  </testcase> <!-- @BeforeMethod beforeMethod -->
  <testcase classname="testcases.TC001_CreateAccount" name="@AfterMethod afterMethod" time="0.0">
    <skipped/>
  </testcase> <!-- @AfterMethod afterMethod -->
  <testcase classname="testcases.TC003_ForgotPassword" name="@BeforeMethod beforeMethod" time="0.0">
    <skipped/>
  </testcase> <!-- @BeforeMethod beforeMethod -->
  <testcase classname="testcases.TC003_ForgotPassword" name="@AfterMethod afterMethod" time="0.0">
    <skipped/>
  </testcase> <!-- @AfterMethod afterMethod -->
  <testcase classname="testcases.TC002_Login" name="@BeforeMethod beforeMethod" time="0.0">
    <skipped/>
  </testcase> <!-- @BeforeMethod beforeMethod -->
  <testcase classname="testcases.TC002_Login" name="@AfterMethod afterMethod" time="0.0">
    <skipped/>
  </testcase> <!-- @AfterMethod afterMethod -->
  <testcase classname="testcases.TC001_CreateAccount" name="@BeforeMethod beforeMethod" time="0.0">
    <skipped/>
  </testcase> <!-- @BeforeMethod beforeMethod -->
  <testcase classname="testcases.TC001_CreateAccount" name="@AfterMethod afterMethod" time="0.0">
    <skipped/>
  </testcase> <!-- @AfterMethod afterMethod -->
  <testcase classname="testcases.TC001_CreateAccount" name="@BeforeMethod beforeMethod" time="0.0">
    <skipped/>
  </testcase> <!-- @BeforeMethod beforeMethod -->
  <testcase classname="testcases.TC001_CreateAccount" name="@AfterMethod afterMethod" time="0.0">
    <skipped/>
  </testcase> <!-- @AfterMethod afterMethod -->
  <testcase classname="testcases.TC002_Login" name="@BeforeMethod beforeMethod" time="0.0">
    <skipped/>
  </testcase> <!-- @BeforeMethod beforeMethod -->
  <testcase classname="testcases.TC002_Login" name="@AfterMethod afterMethod" time="0.0">
    <skipped/>
  </testcase> <!-- @AfterMethod afterMethod -->
  <testcase classname="testcases.TC001_CreateAccount" name="@AfterTest afterTest" time="0.0">
    <skipped/>
  </testcase> <!-- @AfterTest afterTest -->
  <testcase classname="testcases.TC009_Locations" name="LocationsSearchIsPresent" time="0.041">
    <skipped/>
  </testcase> <!-- LocationsSearchIsPresent -->
  <testcase classname="testcases.TC001_CreateAccount" name="verifyCreateAccount" time="0.003">
    <skipped/>
  </testcase> <!-- verifyCreateAccount -->
  <testcase classname="testcases.TC008_Schedules" name="createNewSchedule" time="0.004">
    <skipped/>
  </testcase> <!-- createNewSchedule -->
  <testcase classname="testcases.TC003_ForgotPassword" name="forgotPassword" time="0.001">
    <skipped/>
  </testcase> <!-- forgotPassword -->
  <testcase classname="testcases.TC002_Login" name="verifySignInIsDisplayed" time="0.001">
    <skipped/>
  </testcase> <!-- verifySignInIsDisplayed -->
  <testcase classname="testcases.TC006_VehicleStatus" name="VehicleStatusVerifyTheVehicleName" time="0.009">
    <skipped/>
  </testcase> <!-- VehicleStatusVerifyTheVehicleName -->
  <testcase classname="testcases.TC005_Dashboard" name="DashboardClickDoorUnLock" time="0.025">
    <skipped/>
  </testcase> <!-- DashboardClickDoorUnLock -->
  <testcase classname="testcases.TC007_RemoteSection" name="RemoteSectionDoorUnlockRS" time="0.009">
    <skipped/>
  </testcase> <!-- RemoteSectionDoorUnlockRS -->
  <testcase classname="testcases.TC011_MyCarZone" name="geoFenceAlert" time="0.004">
    <skipped/>
  </testcase> <!-- geoFenceAlert -->
  <testcase classname="testcases.TC004_MyVehicles" name="myVehiclesPickTheVehicle" time="0.015">
    <skipped/>
  </testcase> <!-- myVehiclesPickTheVehicle -->
  <testcase classname="testcases.TC009_Locations" name="LocationsVehicleCurrentLocation" time="0.011">
    <skipped/>
  </testcase> <!-- LocationsVehicleCurrentLocation -->
  <testcase classname="testcases.TC001_CreateAccount" name="clickTermsOfServiceLink" time="0.004">
    <skipped/>
  </testcase> <!-- clickTermsOfServiceLink -->
  <testcase classname="testcases.TC008_Schedules" name="updateExistingSchedule" time="0.005">
    <skipped/>
  </testcase> <!-- updateExistingSchedule -->
  <testcase classname="testcases.TC002_Login" name="verifyLoginIn" time="0.003">
    <skipped/>
  </testcase> <!-- verifyLoginIn -->
  <testcase classname="testcases.TC005_Dashboard" name="DashboardClickDoorLock" time="0.004">
    <skipped/>
  </testcase> <!-- DashboardClickDoorLock -->
  <testcase classname="testcases.TC007_RemoteSection" name="RemoteSectionDoorLock" time="0.003">
    <skipped/>
  </testcase> <!-- RemoteSectionDoorLock -->
  <testcase classname="testcases.TC011_MyCarZone" name="curfewAlert" time="0.004">
    <skipped/>
  </testcase> <!-- curfewAlert -->
  <testcase classname="testcases.TC004_MyVehicles" name="myVehiclesClickAddvehicle" time="0.007">
    <skipped/>
  </testcase> <!-- myVehiclesClickAddvehicle -->
  <testcase classname="testcases.TC009_Locations" name="LocationsSavePOI" time="0.001">
    <skipped/>
  </testcase> <!-- LocationsSavePOI -->
  <testcase classname="testcases.TC001_CreateAccount" name="clickPrivacyPolicyLink" time="0.0">
    <skipped/>
  </testcase> <!-- clickPrivacyPolicyLink -->
  <testcase classname="testcases.TC008_Schedules" name="enableParentToggle" time="0.006">
    <skipped/>
  </testcase> <!-- enableParentToggle -->
  <testcase classname="testcases.TC002_Login" name="verifyForgotPassword" time="0.001">
    <skipped/>
  </testcase> <!-- verifyForgotPassword -->
  <testcase classname="testcases.TC005_Dashboard" name="DashboardClickRemoteClimateStart" time="0.002">
    <skipped/>
  </testcase> <!-- DashboardClickRemoteClimateStart -->
  <testcase classname="testcases.TC007_RemoteSection" name="RemoteSectionClimateStart" time="0.005">
    <skipped/>
  </testcase> <!-- RemoteSectionClimateStart -->
  <testcase classname="testcases.TC009_Locations" name="LocationsDeletePOI" time="0.002">
    <skipped/>
  </testcase> <!-- LocationsDeletePOI -->
  <testcase classname="testcases.TC008_Schedules" name="scheduleIsDisplayedRemoteSection" time="0.001">
    <skipped/>
  </testcase> <!-- scheduleIsDisplayedRemoteSection -->
  <testcase classname="testcases.TC002_Login" name="verifyRememberMecheckbox" time="0.001">
    <skipped/>
  </testcase> <!-- verifyRememberMecheckbox -->
  <testcase classname="testcases.TC005_Dashboard" name="DashboardClickMasterRefresh" time="0.002">
    <skipped/>
  </testcase> <!-- DashboardClickMasterRefresh -->
  <testcase classname="testcases.TC007_RemoteSection" name="RemoteSectionClimateStop" time="0.002">
    <skipped/>
  </testcase> <!-- RemoteSectionClimateStop -->
  <testcase classname="testcases.TC009_Locations" name="LocationsSavePOISendToVehiclenDelete" time="0.002">
    <skipped/>
  </testcase> <!-- LocationsSavePOISendToVehiclenDelete -->
  <testcase classname="testcases.TC008_Schedules" name="deleteSchedule" time="0.003">
    <skipped/>
  </testcase> <!-- deleteSchedule -->
  <testcase classname="testcases.TC002_Login" name="Login_5440916" time="0.002">
    <skipped/>
  </testcase> <!-- Login_5440916 -->
  <testcase classname="testcases.TC005_Dashboard" name="DashboardLastRefreshExist" time="0.001">
    <skipped/>
  </testcase> <!-- DashboardLastRefreshExist -->
  <testcase classname="testcases.TC009_Locations" name="LocationsAddTags" time="0.002">
    <skipped/>
  </testcase> <!-- LocationsAddTags -->
  <testcase classname="testcases.TC002_Login" name="verifyLogout" time="0.002">
    <skipped/>
  </testcase> <!-- verifyLogout -->
  <testcase classname="testcases.TC005_Dashboard" name="DashboardClickRemoteClimateStartWithToggles" time="0.001">
    <skipped/>
  </testcase> <!-- DashboardClickRemoteClimateStartWithToggles -->
</testsuite> <!-- Default test -->
