<?xml version="1.0" encoding="UTF-8"?>
<!-- Generated by org.testng.reporters.JUnitReportReporter -->
<testsuite hostname="ICT-2003278-AQA" name="testcases.TC007_RemoteSection" tests="4" failures="1" timestamp="7 Apr 2023 10:49:12 GMT" time="266.580" errors="0">
  <testcase name="RemoteSectionClimateStop" time="50.270" classname="testcases.TC007_RemoteSection"/>
  <testcase name="RemoteSectionDoorUnlockRS" time="68.496" classname="testcases.TC007_RemoteSection"/>
  <testcase name="RemoteSectionClimateStart" time="61.000" classname="testcases.TC007_RemoteSection"/>
  <testcase name="RemoteSectionDoorLock" time="86.814" classname="testcases.TC007_RemoteSection">
    <failure type="java.lang.RuntimeException" message="FAILED">
      <![CDATA[java.lang.RuntimeException: FAILED
	at utils.Reporter.reportStep(Reporter.java:36)
	at utils.Reporter.reportStep(Reporter.java:46)
	at wrappers.GenericWrappers.clickByXpathJavascriptExecutor(GenericWrappers.java:488)
	at pages.P7_RemoteSection.clickDoorLockRS(P7_RemoteSection.java:32)
	at testcases.TC007_RemoteSection.RemoteSectionDoorLock(TC007_RemoteSection.java:40)
	at sun.reflect.NativeMethodAccessorImpl.invoke0(Native Method)
	at sun.reflect.NativeMethodAccessorImpl.invoke(Unknown Source)
	at sun.reflect.DelegatingMethodAccessorImpl.invoke(Unknown Source)
	at java.lang.reflect.Method.invoke(Unknown Source)
	at org.testng.internal.MethodInvocationHelper.invokeMethod(MethodInvocationHelper.java:80)
	at org.testng.internal.Invoker.invokeMethod(Invoker.java:714)
	at org.testng.internal.Invoker.invokeTestMethod(Invoker.java:901)
	at org.testng.internal.Invoker.invokeTestMethods(Invoker.java:1231)
	at org.testng.internal.TestMethodWorker.invokeTestMethods(TestMethodWorker.java:127)
	at org.testng.internal.TestMethodWorker.run(TestMethodWorker.java:111)
	at org.testng.TestRunner.privateRun(TestRunner.java:767)
	at org.testng.TestRunner.run(TestRunner.java:617)
	at org.testng.SuiteRunner.runTest(SuiteRunner.java:334)
	at org.testng.SuiteRunner.runSequentially(SuiteRunner.java:329)
	at org.testng.SuiteRunner.privateRun(SuiteRunner.java:291)
	at org.testng.SuiteRunner.run(SuiteRunner.java:240)
	at org.testng.SuiteRunnerWorker.runSuite(SuiteRunnerWorker.java:52)
	at org.testng.SuiteRunnerWorker.run(SuiteRunnerWorker.java:86)
	at org.testng.TestNG.runSuitesSequentially(TestNG.java:1198)
	at org.testng.TestNG.runSuitesLocally(TestNG.java:1123)
	at org.testng.TestNG.run(TestNG.java:1031)
	at org.testng.remote.AbstractRemoteTestNG.run(AbstractRemoteTestNG.java:114)
	at org.testng.remote.RemoteTestNG.initAndRun(RemoteTestNG.java:251)
	at org.testng.remote.RemoteTestNG.main(RemoteTestNG.java:77)
]]>
    </failure>
  </testcase> <!-- RemoteSectionDoorLock -->
</testsuite> <!-- testcases.TC007_RemoteSection -->
