<?xml version="1.0" encoding="UTF-8"?>
<!-- Generated by org.testng.reporters.JUnitXMLReporter -->
<testsuite hostname="ICT-2003278-AQA" name="RemoteSection" tests="4" failures="0" timestamp="31 Mar 2023 11:02:48 GMT" time="1.268" errors="0">
  <testcase name="@BeforeMethod beforeMethod" time="0.0" classname="testcases.TC007_RemoteSection">
    <failure type="org.testng.TestNGException" message="
Parameter &amp;apos;category&amp;apos; is required by @Configuration on method beforeMethod but has not been marked @Optional or defined
in D:\TechR-Source\AutomationTesting\Backup\Onshore_Backup\19-03-2023\KMACWP-Latest\7.RemoteSection.xml">
      <![CDATA[org.testng.TestNGException: 
Parameter 'category' is required by @Configuration on method beforeMethod but has not been marked @Optional or defined
in D:\TechR-Source\AutomationTesting\Backup\Onshore_Backup\19-03-2023\KMACWP-Latest\7.RemoteSection.xml
... Removed 23 stack frames]]>
    </failure>
  </testcase> <!-- @BeforeMethod beforeMethod -->
  <testcase name="@AfterMethod afterMethod" time="0.0" classname="testcases.TC007_RemoteSection">
    <skipped/>
  </testcase> <!-- @AfterMethod afterMethod -->
  <testcase name="@BeforeMethod beforeMethod" time="0.0" classname="testcases.TC007_RemoteSection">
    <skipped/>
  </testcase> <!-- @BeforeMethod beforeMethod -->
  <testcase name="@AfterMethod afterMethod" time="0.0" classname="testcases.TC007_RemoteSection">
    <skipped/>
  </testcase> <!-- @AfterMethod afterMethod -->
  <testcase name="@BeforeMethod beforeMethod" time="0.0" classname="testcases.TC007_RemoteSection">
    <skipped/>
  </testcase> <!-- @BeforeMethod beforeMethod -->
  <testcase name="@AfterMethod afterMethod" time="0.0" classname="testcases.TC007_RemoteSection">
    <skipped/>
  </testcase> <!-- @AfterMethod afterMethod -->
  <testcase name="@BeforeMethod beforeMethod" time="0.0" classname="testcases.TC007_RemoteSection">
    <skipped/>
  </testcase> <!-- @BeforeMethod beforeMethod -->
  <testcase name="@AfterMethod afterMethod" time="0.0" classname="testcases.TC007_RemoteSection">
    <skipped/>
  </testcase> <!-- @AfterMethod afterMethod -->
  <testcase name="@AfterTest afterTest" time="0.0" classname="testcases.TC007_RemoteSection">
    <skipped/>
  </testcase> <!-- @AfterTest afterTest -->
  <testcase name="RemoteSection_5754485" time="0.001" classname="testcases.TC007_RemoteSection">
    <skipped/>
  </testcase> <!-- RemoteSection_5754485 -->
  <testcase name="RemoteSectionDoorLock" time="0.002" classname="testcases.TC007_RemoteSection">
    <skipped/>
  </testcase> <!-- RemoteSectionDoorLock -->
  <testcase name="RemoteSectionClimateStart" time="0.003" classname="testcases.TC007_RemoteSection">
    <skipped/>
  </testcase> <!-- RemoteSectionClimateStart -->
  <testcase name="RemoteSectionClimateStop" time="0.0" classname="testcases.TC007_RemoteSection">
    <skipped/>
  </testcase> <!-- RemoteSectionClimateStop -->
</testsuite> <!-- RemoteSection -->
