<?xml version="1.0" encoding="UTF-8"?>
<!-- Generated by org.testng.reporters.JUnitXMLReporter -->
<testsuite hostname="ICT-2003278-AQA" name="Test" tests="3" failures="0" timestamp="16 Mar 2023 02:54:49 GMT" time="0.067" errors="0">
  <testcase name="@BeforeMethod beforeMethod" time="0.0" classname="testcases.TC001_3_CA_5440912">
    <failure type="org.testng.TestNGException" message="
Parameter &amp;apos;browser&amp;apos; is required by @Configuration on method beforeMethod but has not been marked @Optional or defined
in D:\TechR-Source\AutomationTesting\path\KMA\KiaMotorsAmericiaCWP\createAcc.xml">
      <![CDATA[org.testng.TestNGException: 
Parameter 'browser' is required by @Configuration on method beforeMethod but has not been marked @Optional or defined
in D:\TechR-Source\AutomationTesting\path\KMA\KiaMotorsAmericiaCWP\createAcc.xml
... Removed 23 stack frames]]>
    </failure>
  </testcase> <!-- @BeforeMethod beforeMethod -->
  <testcase name="@AfterMethod afterMethod" time="0.0" classname="testcases.TC001_3_CA_5440912">
    <skipped/>
  </testcase> <!-- @AfterMethod afterMethod -->
  <testcase name="@BeforeMethod beforeMethod" time="0.0" classname="testcases.TC001_2_CA_5440910">
    <skipped/>
  </testcase> <!-- @BeforeMethod beforeMethod -->
  <testcase name="@AfterMethod afterMethod" time="0.0" classname="testcases.TC001_2_CA_5440910">
    <skipped/>
  </testcase> <!-- @AfterMethod afterMethod -->
  <testcase name="@BeforeMethod beforeMethod" time="0.0" classname="testcases.TC001_1_CA_5440906">
    <skipped/>
  </testcase> <!-- @BeforeMethod beforeMethod -->
  <testcase name="@AfterMethod afterMethod" time="0.0" classname="testcases.TC001_1_CA_5440906">
    <skipped/>
  </testcase> <!-- @AfterMethod afterMethod -->
  <testcase name="@AfterTest afterTest" time="0.0" classname="testcases.TC001_2_CA_5440910">
    <skipped/>
  </testcase> <!-- @AfterTest afterTest -->
  <testcase name="createAccount" time="0.007" classname="testcases.TC001_3_CA_5440912">
    <skipped/>
  </testcase> <!-- createAccount -->
  <testcase name="createAccount" time="0.003" classname="testcases.TC001_2_CA_5440910">
    <skipped/>
  </testcase> <!-- createAccount -->
  <testcase name="createAccount" time="0.001" classname="testcases.TC001_1_CA_5440906">
    <skipped/>
  </testcase> <!-- createAccount -->
</testsuite> <!-- Test -->
