<?xml version="1.0" encoding="UTF-8"?>
<!-- Generated by org.testng.reporters.JUnitXMLReporter -->
<testsuite hostname="ICT-2003278-AQA" name="RemoteSection" tests="4" failures="1" timestamp="7 Apr 2023 10:40:51 GMT" time="266.994" errors="0">
  <testcase name="RemoteSectionDoorUnlockRS" time="54.018" classname="testcases.TC007_RemoteSection"/>
  <testcase name="RemoteSectionDoorLock" time="72.831" classname="testcases.TC007_RemoteSection">
    <failure type="java.lang.RuntimeException" message="FAILED">
      <![CDATA[java.lang.RuntimeException: FAILED
	at utils.Reporter.reportStep(Reporter.java:36)
	at utils.Reporter.reportStep(Reporter.java:46)
	at wrappers.GenericWrappers.clickByXpathJavascriptExecutor(GenericWrappers.java:488)
	at pages.P7_RemoteSection.clickDoorLockRS(P7_RemoteSection.java:32)
	at testcases.TC007_RemoteSection.RemoteSectionDoorLock(TC007_RemoteSection.java:40)
... Removed 24 stack frames]]>
    </failure>
  </testcase> <!-- RemoteSectionDoorLock -->
  <testcase name="RemoteSectionClimateStart" time="46.303" classname="testcases.TC007_RemoteSection"/>
  <testcase name="RemoteSectionClimateStop" time="34.568" classname="testcases.TC007_RemoteSection"/>
</testsuite> <!-- RemoteSection -->
