<?xml version="1.0" encoding="UTF-8"?>
<!-- Generated by org.testng.reporters.JUnitXMLReporter -->
<testsuite hostname="ICT-2003278-AQA" name="Vehicle Status" tests="1" failures="1" timestamp="21 Mar 2023 05:56:51 GMT" time="66.718" errors="0">
  <testcase name="RemoteSection_5754485" time="53.303" classname="testcases.TC007_RemoteSection">
    <failure type="java.lang.RuntimeException" message="FAILED">
      <![CDATA[java.lang.RuntimeException: FAILED
	at utils.Reporter.reportStep(Reporter.java:36)
	at utils.Reporter.reportStep(Reporter.java:46)
	at wrappers.GenericWrappers.clickByXpathJavascriptExecutor(GenericWrappers.java:434)
	at pages.P5_Dashboard.clickRemote(P5_Dashboard.java:149)
	at testcases.TC007_RemoteSection.RemoteSection_5754485(TC007_RemoteSection.java:22)
... Removed 24 stack frames]]>
    </failure>
  </testcase> <!-- RemoteSection_5754485 -->
</testsuite> <!-- Vehicle Status -->
