<?xml version="1.0" encoding="UTF-8"?>
<testng-results total="3" passed="0" failed="0" skipped="3">
  <reporter-output>
  </reporter-output>
  <suite started-at="2023-06-13T11:42:19Z" name="KIA-CWP" finished-at="2023-06-13T11:42:23Z" duration-ms="4575">
    <groups>
      <group name="smoke">
        <method signature="TC001_CreateAccount.clickPrivacyPolicyLink()[pri:0, instance:testcases.TC001_CreateAccount@2df9b86]" name="clickPrivacyPolicyLink" class="testcases.TC001_CreateAccount"/>
        <method signature="TC001_CreateAccount.clickTermsOfServiceLink()[pri:0, instance:testcases.TC001_CreateAccount@2df9b86]" name="clickTermsOfServiceLink" class="testcases.TC001_CreateAccount"/>
        <method signature="TC001_CreateAccount.verifyCreateAccount()[pri:0, instance:testcases.TC001_CreateAccount@2df9b86]" name="verifyCreateAccount" class="testcases.TC001_CreateAccount"/>
      </group> <!-- smoke -->
    </groups>
    <test started-at="2023-06-13T11:42:19Z" name="Create Account" finished-at="2023-06-13T11:42:23Z" duration-ms="4575">
      <class name="testcases.TC001_CreateAccount">
        <test-method is-config="true" signature="beforeTest()[pri:0, instance:testcases.TC001_CreateAccount@2df9b86]" started-at="2023-06-13T17:12:19Z" name="beforeTest" finished-at="2023-06-13T17:12:19Z" duration-ms="265" status="PASS">
          <reporter-output>
          </reporter-output>
        </test-method> <!-- beforeTest -->
        <test-method is-config="true" signature="beforeMethod(java.lang.String, java.lang.String, java.lang.String, java.lang.String, java.lang.String)[pri:0, instance:testcases.TC001_CreateAccount@2df9b86]" started-at="2023-06-13T17:12:19Z" name="beforeMethod" finished-at="2023-06-13T17:12:19Z" duration-ms="0" status="FAIL">
          <params>
            <param index="0">
              <value>
                <![CDATA[chrome]]>
              </value>
            </param>
            <param index="1">
              <value>
                <![CDATA[Create Account]]>
              </value>
            </param>
            <param index="2">
              <value>
                <![CDATA[Create Account - Smoke Test]]>
              </value>
            </param>
            <param index="3">
              <value>
                <![CDATA[Smoke Testing]]>
              </value>
            </param>
            <param index="4">
              <value>
                <![CDATA[HAEA-KIA]]>
              </value>
            </param>
          </params>
          <exception class="java.lang.RuntimeException">
            <message>
              <![CDATA[FAILED]]>
            </message>
            <full-stacktrace>
              <![CDATA[java.lang.RuntimeException: FAILED
	at utils.Reporter.reportStep(Reporter.java:36)
	at utils.Reporter.reportStep(Reporter.java:46)
	at wrappers.GenericWrappers.invokeApp(GenericWrappers.java:129)
	at wrappers.GenericWrappers.invokeApp(GenericWrappers.java:96)
	at wrappers.KMABase.beforeMethod(KMABase.java:45)
	at java.base/jdk.internal.reflect.NativeMethodAccessorImpl.invoke0(Native Method)
	at java.base/jdk.internal.reflect.NativeMethodAccessorImpl.invoke(NativeMethodAccessorImpl.java:77)
	at java.base/jdk.internal.reflect.DelegatingMethodAccessorImpl.invoke(DelegatingMethodAccessorImpl.java:43)
	at java.base/java.lang.reflect.Method.invoke(Method.java:568)
	at org.testng.internal.MethodInvocationHelper.invokeMethod(MethodInvocationHelper.java:80)
	at org.testng.internal.Invoker.invokeConfigurationMethod(Invoker.java:564)
	at org.testng.internal.Invoker.invokeConfigurations(Invoker.java:213)
	at org.testng.internal.Invoker.invokeMethod(Invoker.java:653)
	at org.testng.internal.Invoker.invokeTestMethod(Invoker.java:901)
	at org.testng.internal.Invoker.invokeTestMethods(Invoker.java:1231)
	at org.testng.internal.TestMethodWorker.invokeTestMethods(TestMethodWorker.java:127)
	at org.testng.internal.TestMethodWorker.run(TestMethodWorker.java:111)
	at org.testng.TestRunner.privateRun(TestRunner.java:767)
	at org.testng.TestRunner.run(TestRunner.java:617)
	at org.testng.SuiteRunner.runTest(SuiteRunner.java:334)
	at org.testng.SuiteRunner.runSequentially(SuiteRunner.java:329)
	at org.testng.SuiteRunner.privateRun(SuiteRunner.java:291)
	at org.testng.SuiteRunner.run(SuiteRunner.java:240)
	at org.testng.SuiteRunnerWorker.runSuite(SuiteRunnerWorker.java:52)
	at org.testng.SuiteRunnerWorker.run(SuiteRunnerWorker.java:86)
	at org.testng.TestNG.runSuitesSequentially(TestNG.java:1198)
	at org.testng.TestNG.runSuitesLocally(TestNG.java:1123)
	at org.testng.TestNG.run(TestNG.java:1031)
	at org.testng.remote.AbstractRemoteTestNG.run(AbstractRemoteTestNG.java:115)
	at org.testng.remote.RemoteTestNG.initAndRun(RemoteTestNG.java:251)
	at org.testng.remote.RemoteTestNG.main(RemoteTestNG.java:77)
]]>
            </full-stacktrace>
          </exception> <!-- java.lang.RuntimeException -->
          <reporter-output>
          </reporter-output>
        </test-method> <!-- beforeMethod -->
        <test-method signature="verifyCreateAccount()[pri:0, instance:testcases.TC001_CreateAccount@2df9b86]" started-at="2023-06-13T17:12:23Z" name="verifyCreateAccount" finished-at="2023-06-13T17:12:23Z" duration-ms="1" status="SKIP">
          <reporter-output>
          </reporter-output>
        </test-method> <!-- verifyCreateAccount -->
        <test-method is-config="true" signature="afterMethod()[pri:0, instance:testcases.TC001_CreateAccount@2df9b86]" started-at="2023-06-13T17:12:23Z" name="afterMethod" finished-at="2023-06-13T17:12:23Z" duration-ms="0" status="SKIP">
          <reporter-output>
          </reporter-output>
        </test-method> <!-- afterMethod -->
        <test-method is-config="true" signature="beforeMethod(java.lang.String, java.lang.String, java.lang.String, java.lang.String, java.lang.String)[pri:0, instance:testcases.TC001_CreateAccount@2df9b86]" started-at="2023-06-13T17:12:23Z" name="beforeMethod" finished-at="2023-06-13T17:12:23Z" duration-ms="0" status="SKIP">
          <reporter-output>
          </reporter-output>
        </test-method> <!-- beforeMethod -->
        <test-method signature="clickTermsOfServiceLink()[pri:0, instance:testcases.TC001_CreateAccount@2df9b86]" started-at="2023-06-13T17:12:23Z" name="clickTermsOfServiceLink" finished-at="2023-06-13T17:12:23Z" duration-ms="1" status="SKIP">
          <reporter-output>
          </reporter-output>
        </test-method> <!-- clickTermsOfServiceLink -->
        <test-method is-config="true" signature="beforeMethod(java.lang.String, java.lang.String, java.lang.String, java.lang.String, java.lang.String)[pri:0, instance:testcases.TC001_CreateAccount@2df9b86]" started-at="2023-06-13T17:12:23Z" name="beforeMethod" finished-at="2023-06-13T17:12:23Z" duration-ms="0" status="SKIP">
          <reporter-output>
          </reporter-output>
        </test-method> <!-- beforeMethod -->
        <test-method is-config="true" signature="afterMethod()[pri:0, instance:testcases.TC001_CreateAccount@2df9b86]" started-at="2023-06-13T17:12:23Z" name="afterMethod" finished-at="2023-06-13T17:12:23Z" duration-ms="0" status="SKIP">
          <reporter-output>
          </reporter-output>
        </test-method> <!-- afterMethod -->
        <test-method signature="clickPrivacyPolicyLink()[pri:0, instance:testcases.TC001_CreateAccount@2df9b86]" started-at="2023-06-13T17:12:23Z" name="clickPrivacyPolicyLink" finished-at="2023-06-13T17:12:23Z" duration-ms="2" status="SKIP">
          <reporter-output>
          </reporter-output>
        </test-method> <!-- clickPrivacyPolicyLink -->
        <test-method is-config="true" signature="afterMethod()[pri:0, instance:testcases.TC001_CreateAccount@2df9b86]" started-at="2023-06-13T17:12:23Z" name="afterMethod" finished-at="2023-06-13T17:12:23Z" duration-ms="0" status="SKIP">
          <reporter-output>
          </reporter-output>
        </test-method> <!-- afterMethod -->
        <test-method is-config="true" signature="afterTest()[pri:0, instance:testcases.TC001_CreateAccount@2df9b86]" started-at="2023-06-13T17:12:23Z" name="afterTest" finished-at="2023-06-13T17:12:23Z" duration-ms="0" status="SKIP">
          <reporter-output>
          </reporter-output>
        </test-method> <!-- afterTest -->
      </class> <!-- testcases.TC001_CreateAccount -->
    </test> <!-- Create Account -->
  </suite> <!-- KIA-CWP -->
</testng-results>
