<html>
<head>
<title>TestNG:  Create Account</title>
<link href="../testng.css" rel="stylesheet" type="text/css" />
<link href="../my-testng.css" rel="stylesheet" type="text/css" />

<style type="text/css">
.log { display: none;} 
.stack-trace { display: none;} 
</style>
<script type="text/javascript">
<!--
function flip(e) {
  current = e.style.display;
  if (current == 'block') {
    e.style.display = 'none';
    return 0;
  }
  else {
    e.style.display = 'block';
    return 1;
  }
}

function toggleBox(szDivId, elem, msg1, msg2)
{
  var res = -1;  if (document.getElementById) {
    res = flip(document.getElementById(szDivId));
  }
  else if (document.all) {
    // this is the way old msie versions work
    res = flip(document.all[szDivId]);
  }
  if(elem) {
    if(res == 0) elem.innerHTML = msg1; else elem.innerHTML = msg2;
  }

}

function toggleAllBoxes() {
  if (document.getElementsByTagName) {
    d = document.getElementsByTagName('div');
    for (i = 0; i < d.length; i++) {
      if (d[i].className == 'log') {
        flip(d[i]);
      }
    }
  }
}

// -->
</script>

</head>
<body>
<h2 align='center'>Create Account</h2><table border='1' align="center">
<tr>
<td>Tests passed/Failed/Skipped:</td><td>0/0/3</td>
</tr><tr>
<td>Started on:</td><td>Tue Jun 13 17:12:19 IST 2023</td>
</tr>
<tr><td>Total time:</td><td>4 seconds (4575 ms)</td>
</tr><tr>
<td>Included groups:</td><td></td>
</tr><tr>
<td>Excluded groups:</td><td></td>
</tr>
</table><p/>
<small><i>(Hover the method name to see the test class name)</i></small><p/>
<table width='100%' border='1' class='invocation-failed'>
<tr><td colspan='4' align='center'><b>FAILED CONFIGURATIONS</b></td></tr>
<tr><td><b>Test method</b></td>
<td width="30%"><b>Exception</b></td>
<td width="10%"><b>Time (seconds)</b></td>
<td><b>Instance</b></td>
</tr>
<tr>
<td title='testcases.TC001_CreateAccount.beforeMethod()'><b>beforeMethod</b><br>Test class: testcases.TC001_CreateAccount<br>Parameters: chrome, Create Account, Create Account - Smoke Test, Smoke Testing, HAEA-KIA</td>
<td><div><pre>java.lang.RuntimeException: FAILED
	at utils.Reporter.reportStep(Reporter.java:36)
	at utils.Reporter.reportStep(Reporter.java:46)
	at wrappers.GenericWrappers.invokeApp(GenericWrappers.java:129)
	at wrappers.GenericWrappers.invokeApp(GenericWrappers.java:96)
	at wrappers.KMABase.beforeMethod(KMABase.java:45)
... Removed 26 stack frames</pre></div><a href='#' onClick='toggleBox("stack-trace140428850", this, "Click to show all stack frames", "Click to hide stack frames")'>Click to show all stack frames</a>
<div class='stack-trace' id='stack-trace140428850'><pre>java.lang.RuntimeException: FAILED
	at utils.Reporter.reportStep(Reporter.java:36)
	at utils.Reporter.reportStep(Reporter.java:46)
	at wrappers.GenericWrappers.invokeApp(GenericWrappers.java:129)
	at wrappers.GenericWrappers.invokeApp(GenericWrappers.java:96)
	at wrappers.KMABase.beforeMethod(KMABase.java:45)
	at java.base/jdk.internal.reflect.NativeMethodAccessorImpl.invoke0(Native Method)
	at java.base/jdk.internal.reflect.NativeMethodAccessorImpl.invoke(NativeMethodAccessorImpl.java:77)
	at java.base/jdk.internal.reflect.DelegatingMethodAccessorImpl.invoke(DelegatingMethodAccessorImpl.java:43)
	at java.base/java.lang.reflect.Method.invoke(Method.java:568)
	at org.testng.internal.MethodInvocationHelper.invokeMethod(MethodInvocationHelper.java:80)
	at org.testng.internal.Invoker.invokeConfigurationMethod(Invoker.java:564)
	at org.testng.internal.Invoker.invokeConfigurations(Invoker.java:213)
	at org.testng.internal.Invoker.invokeMethod(Invoker.java:653)
	at org.testng.internal.Invoker.invokeTestMethod(Invoker.java:901)
	at org.testng.internal.Invoker.invokeTestMethods(Invoker.java:1231)
	at org.testng.internal.TestMethodWorker.invokeTestMethods(TestMethodWorker.java:127)
	at org.testng.internal.TestMethodWorker.run(TestMethodWorker.java:111)
	at org.testng.TestRunner.privateRun(TestRunner.java:767)
	at org.testng.TestRunner.run(TestRunner.java:617)
	at org.testng.SuiteRunner.runTest(SuiteRunner.java:334)
	at org.testng.SuiteRunner.runSequentially(SuiteRunner.java:329)
	at org.testng.SuiteRunner.privateRun(SuiteRunner.java:291)
	at org.testng.SuiteRunner.run(SuiteRunner.java:240)
	at org.testng.SuiteRunnerWorker.runSuite(SuiteRunnerWorker.java:52)
	at org.testng.SuiteRunnerWorker.run(SuiteRunnerWorker.java:86)
	at org.testng.TestNG.runSuitesSequentially(TestNG.java:1198)
	at org.testng.TestNG.runSuitesLocally(TestNG.java:1123)
	at org.testng.TestNG.run(TestNG.java:1031)
	at org.testng.remote.AbstractRemoteTestNG.run(AbstractRemoteTestNG.java:115)
	at org.testng.remote.RemoteTestNG.initAndRun(RemoteTestNG.java:251)
	at org.testng.remote.RemoteTestNG.main(RemoteTestNG.java:77)
</pre></div></td>
<td>0</td>
<td>testcases.TC001_CreateAccount@2df9b86</td></tr>
</table><p>
<table width='100%' border='1' class='invocation-skipped'>
<tr><td colspan='4' align='center'><b>SKIPPED CONFIGURATIONS</b></td></tr>
<tr><td><b>Test method</b></td>
<td width="30%"><b>Exception</b></td>
<td width="10%"><b>Time (seconds)</b></td>
<td><b>Instance</b></td>
</tr>
<tr>
<td title='testcases.TC001_CreateAccount.beforeMethod()'><b>beforeMethod</b><br>Test class: testcases.TC001_CreateAccount</td>
<td></td>
<td>0</td>
<td>testcases.TC001_CreateAccount@2df9b86</td></tr>
<tr>
<td title='testcases.TC001_CreateAccount.beforeMethod()'><b>beforeMethod</b><br>Test class: testcases.TC001_CreateAccount</td>
<td></td>
<td>0</td>
<td>testcases.TC001_CreateAccount@2df9b86</td></tr>
<tr>
<td title='testcases.TC001_CreateAccount.afterMethod()'><b>afterMethod</b><br>Test class: testcases.TC001_CreateAccount</td>
<td></td>
<td>0</td>
<td>testcases.TC001_CreateAccount@2df9b86</td></tr>
<tr>
<td title='testcases.TC001_CreateAccount.afterMethod()'><b>afterMethod</b><br>Test class: testcases.TC001_CreateAccount</td>
<td></td>
<td>0</td>
<td>testcases.TC001_CreateAccount@2df9b86</td></tr>
<tr>
<td title='testcases.TC001_CreateAccount.afterMethod()'><b>afterMethod</b><br>Test class: testcases.TC001_CreateAccount</td>
<td></td>
<td>0</td>
<td>testcases.TC001_CreateAccount@2df9b86</td></tr>
<tr>
<td title='testcases.TC001_CreateAccount.afterTest()'><b>afterTest</b><br>Test class: testcases.TC001_CreateAccount</td>
<td></td>
<td>0</td>
<td>null</td></tr>
</table><p>
<table width='100%' border='1' class='invocation-skipped'>
<tr><td colspan='4' align='center'><b>SKIPPED TESTS</b></td></tr>
<tr><td><b>Test method</b></td>
<td width="30%"><b>Exception</b></td>
<td width="10%"><b>Time (seconds)</b></td>
<td><b>Instance</b></td>
</tr>
<tr>
<td title='testcases.TC001_CreateAccount.clickPrivacyPolicyLink()'><b>clickPrivacyPolicyLink</b><br>Test class: testcases.TC001_CreateAccount</td>
<td></td>
<td>0</td>
<td>testcases.TC001_CreateAccount@2df9b86</td></tr>
<tr>
<td title='testcases.TC001_CreateAccount.clickTermsOfServiceLink()'><b>clickTermsOfServiceLink</b><br>Test class: testcases.TC001_CreateAccount</td>
<td></td>
<td>0</td>
<td>testcases.TC001_CreateAccount@2df9b86</td></tr>
<tr>
<td title='testcases.TC001_CreateAccount.verifyCreateAccount()'><b>verifyCreateAccount</b><br>Test class: testcases.TC001_CreateAccount</td>
<td></td>
<td>0</td>
<td>testcases.TC001_CreateAccount@2df9b86</td></tr>
</table><p>
</body>
</html>