<?xml version="1.0" encoding="UTF-8"?>
<!-- Generated by org.testng.reporters.JUnitXMLReporter -->
<testsuite hostname="AUTOEVER-PC164" failures="0" tests="3" name="Create Account" time="4.575" errors="0" timestamp="13 Jun 2023 11:42:24 GMT">
  <testcase classname="testcases.TC001_CreateAccount" name="@BeforeMethod beforeMethod" time="0.0">
    <failure type="java.lang.RuntimeException" message="FAILED">
      <![CDATA[java.lang.RuntimeException: FAILED
	at utils.Reporter.reportStep(Reporter.java:36)
	at utils.Reporter.reportStep(Reporter.java:46)
	at wrappers.GenericWrappers.invokeApp(GenericWrappers.java:129)
	at wrappers.GenericWrappers.invokeApp(GenericWrappers.java:96)
	at wrappers.KMABase.beforeMethod(KMABase.java:45)
... Removed 26 stack frames]]>
    </failure>
  </testcase> <!-- @BeforeMethod beforeMethod -->
  <testcase classname="testcases.TC001_CreateAccount" name="@AfterMethod afterMethod" time="0.0">
    <skipped/>
  </testcase> <!-- @AfterMethod afterMethod -->
  <testcase classname="testcases.TC001_CreateAccount" name="@BeforeMethod beforeMethod" time="0.0">
    <skipped/>
  </testcase> <!-- @BeforeMethod beforeMethod -->
  <testcase classname="testcases.TC001_CreateAccount" name="@AfterMethod afterMethod" time="0.0">
    <skipped/>
  </testcase> <!-- @AfterMethod afterMethod -->
  <testcase classname="testcases.TC001_CreateAccount" name="@BeforeMethod beforeMethod" time="0.0">
    <skipped/>
  </testcase> <!-- @BeforeMethod beforeMethod -->
  <testcase classname="testcases.TC001_CreateAccount" name="@AfterMethod afterMethod" time="0.0">
    <skipped/>
  </testcase> <!-- @AfterMethod afterMethod -->
  <testcase classname="testcases.TC001_CreateAccount" name="@AfterTest afterTest" time="0.0">
    <skipped/>
  </testcase> <!-- @AfterTest afterTest -->
  <testcase classname="testcases.TC001_CreateAccount" name="verifyCreateAccount" time="0.001">
    <skipped/>
  </testcase> <!-- verifyCreateAccount -->
  <testcase classname="testcases.TC001_CreateAccount" name="clickTermsOfServiceLink" time="0.001">
    <skipped/>
  </testcase> <!-- clickTermsOfServiceLink -->
  <testcase classname="testcases.TC001_CreateAccount" name="clickPrivacyPolicyLink" time="0.002">
    <skipped/>
  </testcase> <!-- clickPrivacyPolicyLink -->
</testsuite> <!-- Create Account -->
