<?xml version="1.0" encoding="UTF-8"?>
<!-- Generated by org.testng.reporters.JUnitXMLReporter -->
<testsuite hostname="ICT-2003278-AQA" name="Remote Section" tests="1" failures="1" timestamp="22 Mar 2023 11:02:29 GMT" time="75.916" errors="0">
  <testcase name="RemoteSectionClimateStart" time="64.91" classname="testcases.TC007_RemoteSection">
    <failure type="java.lang.RuntimeException" message="FAILED">
      <![CDATA[java.lang.RuntimeException: FAILED
	at utils.Reporter.reportStep(Reporter.java:36)
	at utils.Reporter.reportStep(Reporter.java:46)
	at wrappers.GenericWrappers.waitVisibilityOfElementLocatedByXpath(GenericWrappers.java:169)
	at pages.P7_RemoteSection.clickRemoteStartRS(P7_RemoteSection.java:44)
	at testcases.TC007_RemoteSection.RemoteSectionClimateStart(TC007_RemoteSection.java:54)
... Removed 24 stack frames]]>
    </failure>
  </testcase> <!-- RemoteSectionClimateStart -->
</testsuite> <!-- Remote Section -->
