<?xml version="1.0" encoding="UTF-8"?>
<!-- Generated by org.testng.reporters.JUnitXMLReporter -->
<testsuite hostname="ICT-2003278-AQA" name="Test" tests="19" failures="0" timestamp="17 Mar 2023 05:03:45 GMT" time="0.214" errors="0">
  <testcase name="@BeforeMethod beforeMethod" time="0.0" classname="testcases.TC002_3_Login_5440913">
    <failure type="org.testng.TestNGException" message="
Parameter &amp;apos;browser&amp;apos; is required by @Configuration on method beforeMethod but has not been marked @Optional or defined
in D:\TechR-Source\AutomationTesting\path\KMA\KiaMotorsAmericiaCWP\testng.xml">
      <![CDATA[org.testng.TestNGException: 
Parameter 'browser' is required by @Configuration on method beforeMethod but has not been marked @Optional or defined
in D:\TechR-Source\AutomationTesting\path\KMA\KiaMotorsAmericiaCWP\testng.xml
... Removed 23 stack frames]]>
    </failure>
  </testcase> <!-- @BeforeMethod beforeMethod -->
  <testcase name="@AfterMethod afterMethod" time="0.0" classname="testcases.TC002_3_Login_5440913">
    <skipped/>
  </testcase> <!-- @AfterMethod afterMethod -->
  <testcase name="@BeforeMethod beforeMethod" time="0.0" classname="testcases.TC001_2_CA_5440910">
    <skipped/>
  </testcase> <!-- @BeforeMethod beforeMethod -->
  <testcase name="@AfterMethod afterMethod" time="0.0" classname="testcases.TC001_2_CA_5440910">
    <skipped/>
  </testcase> <!-- @AfterMethod afterMethod -->
  <testcase name="@BeforeMethod beforeMethod" time="0.0" classname="testcases.TC001_3_CA_5440912">
    <skipped/>
  </testcase> <!-- @BeforeMethod beforeMethod -->
  <testcase name="@AfterMethod afterMethod" time="0.0" classname="testcases.TC001_3_CA_5440912">
    <skipped/>
  </testcase> <!-- @AfterMethod afterMethod -->
  <testcase name="@BeforeMethod beforeMethod" time="0.0" classname="testcases.TC002_1_Login_5440907">
    <skipped/>
  </testcase> <!-- @BeforeMethod beforeMethod -->
  <testcase name="@AfterMethod afterMethod" time="0.0" classname="testcases.TC002_1_Login_5440907">
    <skipped/>
  </testcase> <!-- @AfterMethod afterMethod -->
  <testcase name="@BeforeMethod beforeMethod" time="0.0" classname="testcases.TC003_1_ForgotPassword_5440917">
    <skipped/>
  </testcase> <!-- @BeforeMethod beforeMethod -->
  <testcase name="@AfterMethod afterMethod" time="0.0" classname="testcases.TC003_1_ForgotPassword_5440917">
    <skipped/>
  </testcase> <!-- @AfterMethod afterMethod -->
  <testcase name="@BeforeMethod beforeMethod" time="0.0" classname="testcases.TC001_1_CA_5440906">
    <skipped/>
  </testcase> <!-- @BeforeMethod beforeMethod -->
  <testcase name="@AfterMethod afterMethod" time="0.0" classname="testcases.TC001_1_CA_5440906">
    <skipped/>
  </testcase> <!-- @AfterMethod afterMethod -->
  <testcase name="@AfterTest afterTest" time="0.0" classname="testcases.TC005_6_Dashboard_5754554">
    <skipped/>
  </testcase> <!-- @AfterTest afterTest -->
  <testcase name="login" time="0.094" classname="testcases.TC002_2_Login_5440908">
    <skipped/>
  </testcase> <!-- login -->
  <testcase name="login" time="0.002" classname="testcases.TC002_3_Login_5440913">
    <skipped/>
  </testcase> <!-- login -->
  <testcase name="dashboard" time="0.005" classname="testcases.TC005_4_Dashboard_5754552">
    <skipped/>
  </testcase> <!-- dashboard -->
  <testcase name="dashboard" time="0.003" classname="testcases.TC005_3_Dashboard_5441047">
    <skipped/>
  </testcase> <!-- dashboard -->
  <testcase name="createAccount" time="0.001" classname="testcases.TC001_2_CA_5440910">
    <skipped/>
  </testcase> <!-- createAccount -->
  <testcase name="dashboard" time="0.007" classname="testcases.TC005_7_Dashboard_5754566">
    <skipped/>
  </testcase> <!-- dashboard -->
  <testcase name="login" time="0.005" classname="testcases.TC002_4_Login_5440914">
    <skipped/>
  </testcase> <!-- login -->
  <testcase name="dashboard" time="0.002" classname="testcases.TC005_1_Dashboard_5440934">
    <skipped/>
  </testcase> <!-- dashboard -->
  <testcase name="dashboard" time="0.004" classname="testcases.TC005_6_Dashboard_5754554">
    <skipped/>
  </testcase> <!-- dashboard -->
  <testcase name="dashboard" time="0.003" classname="testcases.TC005_2_Dashboard_5440933">
    <skipped/>
  </testcase> <!-- dashboard -->
  <testcase name="login" time="0.002" classname="testcases.TC002_5_Login_5440916">
    <skipped/>
  </testcase> <!-- login -->
  <testcase name="createAccount" time="0.002" classname="testcases.TC001_3_CA_5440912">
    <skipped/>
  </testcase> <!-- createAccount -->
  <testcase name="myVehicles" time="0.003" classname="testcases.TC004_2_MyVehicles_5441109">
    <skipped/>
  </testcase> <!-- myVehicles -->
  <testcase name="dashboard" time="0.005" classname="testcases.TC005_5_Dashboard_5754553">
    <skipped/>
  </testcase> <!-- dashboard -->
  <testcase name="login" time="0.008" classname="testcases.TC002_1_Login_5440907">
    <skipped/>
  </testcase> <!-- login -->
  <testcase name="login" time="0.004" classname="testcases.TC002_Login_Logout">
    <skipped/>
  </testcase> <!-- login -->
  <testcase name="forgotPassword" time="0.001" classname="testcases.TC003_1_ForgotPassword_5440917">
    <skipped/>
  </testcase> <!-- forgotPassword -->
  <testcase name="myVehicles" time="0.002" classname="testcases.TC004_1_MyVehicles">
    <skipped/>
  </testcase> <!-- myVehicles -->
  <testcase name="createAccount" time="0.004" classname="testcases.TC001_1_CA_5440906">
    <skipped/>
  </testcase> <!-- createAccount -->
</testsuite> <!-- Test -->
